<?xml version="1.0" encoding="UTF-8"?>
<!-- Generated by org.testng.reporters.JUnitReportReporter -->
<testsuite hostname="IE6CLTBY69MP3" failures="0" tests="2" name="com.src.example1" time="0.012" errors="0" timestamp="2022-10-09T18:41:37 IST" skipped="0">
  <testcase classname="com.src.example1" name="demo" time="0.009"/>
  <system-out/>
  <testcase classname="com.src.example1" name="demo2" time="0.003"/>
  <system-out/>
</testsuite> <!-- com.src.example1 -->
